{"D:\\EHU\\Design_patterns\\Lab_1\\ehu_design_patterns\\src\\entities\\Cube.ts": {"path":"D:\\EHU\\Design_patterns\\Lab_1\\ehu_design_patterns\\src\\entities\\Cube.ts","statementMap":{"0":{"start":{"line":3,"column":0},"end":{"line":3,"column":70}},"1":{"start":{"line":4,"column":0},"end":{"line":4,"column":36}},"2":{"start":{"line":12,"column":4},"end":{"line":12,"column":22}},"3":{"start":{"line":8,"column":20},"end":{"line":8,"column":30}},"4":{"start":{"line":9,"column":20},"end":{"line":9,"column":37}},"5":{"start":{"line":10,"column":20},"end":{"line":10,"column":38}},"6":{"start":{"line":16,"column":4},"end":{"line":16,"column":32}},"7":{"start":{"line":20,"column":4},"end":{"line":20,"column":36}},"8":{"start":{"line":25,"column":4},"end":{"line":37,"column":5}},"9":{"start":{"line":27,"column":8},"end":{"line":27,"column":29}},"10":{"start":{"line":28,"column":8},"end":{"line":28,"column":14}},"11":{"start":{"line":30,"column":8},"end":{"line":30,"column":29}},"12":{"start":{"line":31,"column":8},"end":{"line":31,"column":14}},"13":{"start":{"line":33,"column":8},"end":{"line":33,"column":29}},"14":{"start":{"line":34,"column":8},"end":{"line":34,"column":14}},"15":{"start":{"line":36,"column":8},"end":{"line":36,"column":60}},"16":{"start":{"line":39,"column":14},"end":{"line":39,"column":29}},"17":{"start":{"line":40,"column":4},"end":{"line":42,"column":5}},"18":{"start":{"line":41,"column":6},"end":{"line":41,"column":18}},"19":{"start":{"line":44,"column":17},"end":{"line":44,"column":22}},"20":{"start":{"line":45,"column":17},"end":{"line":45,"column":25}},"21":{"start":{"line":46,"column":17},"end":{"line":46,"column":31}},"22":{"start":{"line":47,"column":4},"end":{"line":47,"column":40}},"23":{"start":{"line":51,"column":4},"end":{"line":51,"column":86}},"24":{"start":{"line":6,"column":0},"end":{"line":6,"column":13}}},"fnMap":{"0":{"name":"(anonymous_0)","decl":{"start":{"line":7,"column":2},"end":{"line":7,"column":null}},"loc":{"start":{"line":10,"column":38},"end":{"line":13,"column":3}}},"1":{"name":"(anonymous_1)","decl":{"start":{"line":15,"column":2},"end":{"line":15,"column":11}},"loc":{"start":{"line":15,"column":11},"end":{"line":17,"column":3}}},"2":{"name":"(anonymous_2)","decl":{"start":{"line":19,"column":2},"end":{"line":19,"column":16}},"loc":{"start":{"line":19,"column":16},"end":{"line":21,"column":3}}},"3":{"name":"(anonymous_3)","decl":{"start":{"line":23,"column":2},"end":{"line":23,"column":23}},"loc":{"start":{"line":23,"column":49},"end":{"line":48,"column":3}}},"4":{"name":"(anonymous_4)","decl":{"start":{"line":50,"column":2},"end":{"line":50,"column":25}},"loc":{"start":{"line":50,"column":25},"end":{"line":52,"column":3}}}},"branchMap":{"0":{"loc":{"start":{"line":25,"column":4},"end":{"line":37,"column":5}},"type":"switch","locations":[{"start":{"line":26,"column":6},"end":{"line":28,"column":14}},{"start":{"line":29,"column":6},"end":{"line":31,"column":14}},{"start":{"line":32,"column":6},"end":{"line":34,"column":14}},{"start":{"line":35,"column":6},"end":{"line":36,"column":60}}]},"1":{"loc":{"start":{"line":40,"column":4},"end":{"line":42,"column":5}},"type":"if","locations":[{"start":{"line":40,"column":4},"end":{"line":42,"column":5}}]},"2":{"loc":{"start":{"line":40,"column":8},"end":{"line":40,"column":24}},"type":"binary-expr","locations":[{"start":{"line":40,"column":8},"end":{"line":40,"column":14}},{"start":{"line":40,"column":18},"end":{"line":40,"column":24}}]},"3":{"loc":{"start":{"line":51,"column":11},"end":{"line":51,"column":85}},"type":"binary-expr","locations":[{"start":{"line":51,"column":11},"end":{"line":51,"column":33}},{"start":{"line":51,"column":37},"end":{"line":51,"column":59}},{"start":{"line":51,"column":63},"end":{"line":51,"column":85}}]}},"s":{"0":3,"1":3,"2":13,"3":13,"4":13,"5":13,"6":1,"7":1,"8":8,"9":4,"10":4,"11":1,"12":1,"13":1,"14":1,"15":2,"16":6,"17":6,"18":3,"19":3,"20":3,"21":3,"22":3,"23":2,"24":3},"f":{"0":13,"1":1,"2":1,"3":8,"4":2},"b":{"0":[4,1,1,2],"1":[3],"2":[6,5],"3":[2,1,1]}}
,"D:\\EHU\\Design_patterns\\Lab_1\\ehu_design_patterns\\src\\entities\\Point.ts": {"path":"D:\\EHU\\Design_patterns\\Lab_1\\ehu_design_patterns\\src\\entities\\Point.ts","statementMap":{"0":{"start":{"line":3,"column":11},"end":{"line":3,"column":20}},"1":{"start":{"line":4,"column":11},"end":{"line":4,"column":20}},"2":{"start":{"line":1,"column":0},"end":{"line":1,"column":22}}},"fnMap":{"0":{"name":"(anonymous_0)","decl":{"start":{"line":2,"column":2},"end":{"line":2,"column":null}},"loc":{"start":{"line":4,"column":20},"end":{"line":5,"column":6}}}},"branchMap":{},"s":{"0":88,"1":88,"2":8},"f":{"0":88},"b":{}}
,"D:\\EHU\\Design_patterns\\Lab_1\\ehu_design_patterns\\src\\entities\\Point2D.ts": {"path":"D:\\EHU\\Design_patterns\\Lab_1\\ehu_design_patterns\\src\\entities\\Point2D.ts","statementMap":{"0":{"start":{"line":1,"column":0},"end":{"line":1,"column":32}},"1":{"start":{"line":3,"column":0},"end":{"line":3,"column":13}}},"fnMap":{},"branchMap":{},"s":{"0":4,"1":4},"f":{},"b":{}}
,"D:\\EHU\\Design_patterns\\Lab_1\\ehu_design_patterns\\src\\entities\\Point3D.ts": {"path":"D:\\EHU\\Design_patterns\\Lab_1\\ehu_design_patterns\\src\\entities\\Point3D.ts","statementMap":{"0":{"start":{"line":1,"column":0},"end":{"line":1,"column":32}},"1":{"start":{"line":9,"column":4},"end":{"line":9,"column":16}},"2":{"start":{"line":5,"column":11},"end":{"line":5,"column":20}},"3":{"start":{"line":6,"column":11},"end":{"line":6,"column":20}},"4":{"start":{"line":7,"column":11},"end":{"line":7,"column":20}},"5":{"start":{"line":3,"column":0},"end":{"line":3,"column":13}}},"fnMap":{"0":{"name":"(anonymous_0)","decl":{"start":{"line":4,"column":2},"end":{"line":4,"column":null}},"loc":{"start":{"line":7,"column":20},"end":{"line":10,"column":3}}}},"branchMap":{},"s":{"0":4,"1":19,"2":19,"3":19,"4":19,"5":4},"f":{"0":19},"b":{}}
,"D:\\EHU\\Design_patterns\\Lab_1\\ehu_design_patterns\\src\\entities\\Quadrilateral.ts": {"path":"D:\\EHU\\Design_patterns\\Lab_1\\ehu_design_patterns\\src\\entities\\Quadrilateral.ts","statementMap":{"0":{"start":{"line":2,"column":0},"end":{"line":2,"column":36}},"1":{"start":{"line":9,"column":4},"end":{"line":9,"column":22}},"2":{"start":{"line":6,"column":20},"end":{"line":6,"column":30}},"3":{"start":{"line":7,"column":20},"end":{"line":7,"column":37}},"4":{"start":{"line":13,"column":16},"end":{"line":13,"column":27}},"5":{"start":{"line":14,"column":14},"end":{"line":14,"column":15}},"6":{"start":{"line":15,"column":4},"end":{"line":18,"column":5}},"7":{"start":{"line":15,"column":17},"end":{"line":15,"column":18}},"8":{"start":{"line":16,"column":16},"end":{"line":16,"column":36}},"9":{"start":{"line":17,"column":6},"end":{"line":17,"column":55}},"10":{"start":{"line":19,"column":4},"end":{"line":19,"column":29}},"11":{"start":{"line":23,"column":17},"end":{"line":23,"column":77}},"12":{"start":{"line":23,"column":45},"end":{"line":23,"column":77}},"13":{"start":{"line":24,"column":14},"end":{"line":24,"column":15}},"14":{"start":{"line":25,"column":4},"end":{"line":27,"column":5}},"15":{"start":{"line":25,"column":17},"end":{"line":25,"column":18}},"16":{"start":{"line":26,"column":6},"end":{"line":26,"column":77}},"17":{"start":{"line":28,"column":4},"end":{"line":28,"column":15}},"18":{"start":{"line":32,"column":17},"end":{"line":32,"column":110}},"19":{"start":{"line":32,"column":57},"end":{"line":32,"column":110}},"20":{"start":{"line":33,"column":18},"end":{"line":38,"column":6}},"21":{"start":{"line":34,"column":16},"end":{"line":34,"column":30}},"22":{"start":{"line":35,"column":16},"end":{"line":35,"column":40}},"23":{"start":{"line":36,"column":16},"end":{"line":36,"column":40}},"24":{"start":{"line":37,"column":6},"end":{"line":37,"column":27}},"25":{"start":{"line":39,"column":4},"end":{"line":39,"column":68}},"26":{"start":{"line":39,"column":30},"end":{"line":39,"column":36}},"27":{"start":{"line":39,"column":60},"end":{"line":39,"column":66}},"28":{"start":{"line":43,"column":18},"end":{"line":46,"column":6}},"29":{"start":{"line":44,"column":24},"end":{"line":44,"column":48}},"30":{"start":{"line":45,"column":6},"end":{"line":45,"column":62}},"31":{"start":{"line":47,"column":4},"end":{"line":47,"column":80}},"32":{"start":{"line":47,"column":30},"end":{"line":47,"column":59}},"33":{"start":{"line":51,"column":18},"end":{"line":54,"column":6}},"34":{"start":{"line":52,"column":24},"end":{"line":52,"column":48}},"35":{"start":{"line":53,"column":6},"end":{"line":53,"column":62}},"36":{"start":{"line":55,"column":4},"end":{"line":55,"column":61}},"37":{"start":{"line":55,"column":30},"end":{"line":55,"column":59}},"38":{"start":{"line":59,"column":19},"end":{"line":59,"column":85}},"39":{"start":{"line":59,"column":45},"end":{"line":59,"column":84}},"40":{"start":{"line":61,"column":32},"end":{"line":61,"column":72}},"41":{"start":{"line":62,"column":33},"end":{"line":62,"column":73}},"42":{"start":{"line":64,"column":4},"end":{"line":64,"column":108}},"43":{"start":{"line":68,"column":15},"end":{"line":68,"column":26}},"44":{"start":{"line":69,"column":15},"end":{"line":69,"column":26}},"45":{"start":{"line":70,"column":4},"end":{"line":70,"column":35}},"46":{"start":{"line":70,"column":18},"end":{"line":70,"column":35}},"47":{"start":{"line":71,"column":4},"end":{"line":71,"column":19}},"48":{"start":{"line":75,"column":4},"end":{"line":75,"column":58}},"49":{"start":{"line":75,"column":46},"end":{"line":75,"column":58}},"50":{"start":{"line":76,"column":4},"end":{"line":76,"column":59}},"51":{"start":{"line":76,"column":46},"end":{"line":76,"column":59}},"52":{"start":{"line":77,"column":4},"end":{"line":77,"column":21}},"53":{"start":{"line":4,"column":0},"end":{"line":4,"column":13}}},"fnMap":{"0":{"name":"(anonymous_0)","decl":{"start":{"line":5,"column":2},"end":{"line":5,"column":null}},"loc":{"start":{"line":7,"column":37},"end":{"line":10,"column":3}}},"1":{"name":"(anonymous_1)","decl":{"start":{"line":12,"column":2},"end":{"line":12,"column":9}},"loc":{"start":{"line":12,"column":9},"end":{"line":20,"column":3}}},"2":{"name":"(anonymous_2)","decl":{"start":{"line":22,"column":2},"end":{"line":22,"column":14}},"loc":{"start":{"line":22,"column":14},"end":{"line":29,"column":3}}},"3":{"name":"(anonymous_3)","decl":{"start":{"line":23,"column":17},"end":{"line":23,"column":18}},"loc":{"start":{"line":23,"column":45},"end":{"line":23,"column":77}}},"4":{"name":"(anonymous_4)","decl":{"start":{"line":31,"column":2},"end":{"line":31,"column":10}},"loc":{"start":{"line":31,"column":10},"end":{"line":40,"column":3}}},"5":{"name":"(anonymous_5)","decl":{"start":{"line":32,"column":17},"end":{"line":32,"column":18}},"loc":{"start":{"line":32,"column":57},"end":{"line":32,"column":110}}},"6":{"name":"(anonymous_6)","decl":{"start":{"line":33,"column":34},"end":{"line":33,"column":35}},"loc":{"start":{"line":33,"column":43},"end":{"line":38,"column":5}}},"7":{"name":"(anonymous_7)","decl":{"start":{"line":39,"column":23},"end":{"line":39,"column":24}},"loc":{"start":{"line":39,"column":30},"end":{"line":39,"column":36}}},"8":{"name":"(anonymous_8)","decl":{"start":{"line":39,"column":53},"end":{"line":39,"column":54}},"loc":{"start":{"line":39,"column":60},"end":{"line":39,"column":66}}},"9":{"name":"(anonymous_9)","decl":{"start":{"line":42,"column":2},"end":{"line":42,"column":10}},"loc":{"start":{"line":42,"column":10},"end":{"line":48,"column":3}}},"10":{"name":"(anonymous_10)","decl":{"start":{"line":43,"column":34},"end":{"line":43,"column":35}},"loc":{"start":{"line":43,"column":43},"end":{"line":46,"column":5}}},"11":{"name":"(anonymous_11)","decl":{"start":{"line":47,"column":23},"end":{"line":47,"column":24}},"loc":{"start":{"line":47,"column":30},"end":{"line":47,"column":59}}},"12":{"name":"(anonymous_12)","decl":{"start":{"line":50,"column":2},"end":{"line":50,"column":11}},"loc":{"start":{"line":50,"column":11},"end":{"line":56,"column":3}}},"13":{"name":"(anonymous_13)","decl":{"start":{"line":51,"column":34},"end":{"line":51,"column":35}},"loc":{"start":{"line":51,"column":43},"end":{"line":54,"column":5}}},"14":{"name":"(anonymous_14)","decl":{"start":{"line":55,"column":23},"end":{"line":55,"column":24}},"loc":{"start":{"line":55,"column":30},"end":{"line":55,"column":59}}},"15":{"name":"(anonymous_15)","decl":{"start":{"line":58,"column":2},"end":{"line":58,"column":13}},"loc":{"start":{"line":58,"column":13},"end":{"line":65,"column":3}}},"16":{"name":"(anonymous_16)","decl":{"start":{"line":59,"column":35},"end":{"line":59,"column":36}},"loc":{"start":{"line":59,"column":45},"end":{"line":59,"column":84}}},"17":{"name":"(anonymous_17)","decl":{"start":{"line":67,"column":10},"end":{"line":67,"column":15}},"loc":{"start":{"line":67,"column":40},"end":{"line":72,"column":3}}},"18":{"name":"(anonymous_18)","decl":{"start":{"line":74,"column":10},"end":{"line":74,"column":23}},"loc":{"start":{"line":74,"column":70},"end":{"line":78,"column":3}}}},"branchMap":{"0":{"loc":{"start":{"line":39,"column":11},"end":{"line":39,"column":67}},"type":"binary-expr","locations":[{"start":{"line":39,"column":11},"end":{"line":39,"column":37}},{"start":{"line":39,"column":41},"end":{"line":39,"column":67}}]},"1":{"loc":{"start":{"line":47,"column":11},"end":{"line":47,"column":79}},"type":"binary-expr","locations":[{"start":{"line":47,"column":11},"end":{"line":47,"column":60}},{"start":{"line":47,"column":64},"end":{"line":47,"column":79}}]},"2":{"loc":{"start":{"line":64,"column":11},"end":{"line":64,"column":107}},"type":"binary-expr","locations":[{"start":{"line":64,"column":12},"end":{"line":64,"column":31}},{"start":{"line":64,"column":35},"end":{"line":64,"column":56}},{"start":{"line":64,"column":62},"end":{"line":64,"column":82}},{"start":{"line":64,"column":86},"end":{"line":64,"column":106}}]},"3":{"loc":{"start":{"line":70,"column":4},"end":{"line":70,"column":35}},"type":"if","locations":[{"start":{"line":70,"column":4},"end":{"line":70,"column":35}}]},"4":{"loc":{"start":{"line":75,"column":4},"end":{"line":75,"column":58}},"type":"if","locations":[{"start":{"line":75,"column":4},"end":{"line":75,"column":58}}]},"5":{"loc":{"start":{"line":75,"column":8},"end":{"line":75,"column":44}},"type":"binary-expr","locations":[{"start":{"line":75,"column":8},"end":{"line":75,"column":24}},{"start":{"line":75,"column":28},"end":{"line":75,"column":44}}]},"6":{"loc":{"start":{"line":76,"column":4},"end":{"line":76,"column":59}},"type":"if","locations":[{"start":{"line":76,"column":4},"end":{"line":76,"column":59}}]},"7":{"loc":{"start":{"line":76,"column":8},"end":{"line":76,"column":44}},"type":"binary-expr","locations":[{"start":{"line":76,"column":8},"end":{"line":76,"column":24}},{"start":{"line":76,"column":28},"end":{"line":76,"column":44}}]}},"s":{"0":2,"1":15,"2":15,"3":15,"4":1,"5":1,"6":1,"7":1,"8":4,"9":4,"10":1,"11":1,"12":4,"13":1,"14":1,"15":1,"16":4,"17":1,"18":2,"19":8,"20":2,"21":8,"22":8,"23":8,"24":8,"25":2,"26":6,"27":1,"28":2,"29":8,"30":8,"31":2,"32":6,"33":2,"34":8,"35":8,"36":2,"37":6,"38":7,"39":28,"40":7,"41":7,"42":7,"43":28,"44":28,"45":28,"46":5,"47":23,"48":14,"49":2,"50":12,"51":1,"52":11,"53":2},"f":{"0":15,"1":1,"2":1,"3":4,"4":2,"5":8,"6":8,"7":6,"8":1,"9":2,"10":8,"11":6,"12":2,"13":8,"14":6,"15":7,"16":28,"17":28,"18":14},"b":{"0":[2,1],"1":[2,1],"2":[7,4,5,3],"3":[5],"4":[2],"5":[14,2],"6":[1],"7":[12,12]}}
,"D:\\EHU\\Design_patterns\\Lab_1\\ehu_design_patterns\\src\\entities\\Shape.ts": {"path":"D:\\EHU\\Design_patterns\\Lab_1\\ehu_design_patterns\\src\\entities\\Shape.ts","statementMap":{"0":{"start":{"line":2,"column":30},"end":{"line":2,"column":40}},"1":{"start":{"line":1,"column":0},"end":{"line":1,"column":22}}},"fnMap":{"0":{"name":"(anonymous_0)","decl":{"start":{"line":2,"column":2},"end":{"line":2,"column":30}},"loc":{"start":{"line":2,"column":40},"end":{"line":2,"column":44}}}},"branchMap":{},"s":{"0":28,"1":5},"f":{"0":28},"b":{}}
,"D:\\EHU\\Design_patterns\\Lab_1\\ehu_design_patterns\\src\\entities\\Shape2D.ts": {"path":"D:\\EHU\\Design_patterns\\Lab_1\\ehu_design_patterns\\src\\entities\\Shape2D.ts","statementMap":{"0":{"start":{"line":2,"column":0},"end":{"line":2,"column":32}},"1":{"start":{"line":9,"column":4},"end":{"line":9,"column":14}},"2":{"start":{"line":6,"column":20},"end":{"line":6,"column":30}},"3":{"start":{"line":7,"column":11},"end":{"line":7,"column":28}},"4":{"start":{"line":4,"column":0},"end":{"line":4,"column":22}}},"fnMap":{"0":{"name":"(anonymous_0)","decl":{"start":{"line":5,"column":2},"end":{"line":5,"column":null}},"loc":{"start":{"line":7,"column":28},"end":{"line":10,"column":3}}}},"branchMap":{},"s":{"0":2,"1":15,"2":15,"3":15,"4":2},"f":{"0":15},"b":{}}
,"D:\\EHU\\Design_patterns\\Lab_1\\ehu_design_patterns\\src\\entities\\Shape3D.ts": {"path":"D:\\EHU\\Design_patterns\\Lab_1\\ehu_design_patterns\\src\\entities\\Shape3D.ts","statementMap":{"0":{"start":{"line":2,"column":0},"end":{"line":2,"column":32}},"1":{"start":{"line":9,"column":4},"end":{"line":9,"column":14}},"2":{"start":{"line":6,"column":20},"end":{"line":6,"column":30}},"3":{"start":{"line":7,"column":11},"end":{"line":7,"column":28}},"4":{"start":{"line":4,"column":0},"end":{"line":4,"column":22}}},"fnMap":{"0":{"name":"(anonymous_0)","decl":{"start":{"line":5,"column":2},"end":{"line":5,"column":null}},"loc":{"start":{"line":7,"column":28},"end":{"line":10,"column":3}}}},"branchMap":{},"s":{"0":3,"1":13,"2":13,"3":13,"4":3},"f":{"0":13},"b":{}}
,"D:\\EHU\\Design_patterns\\Lab_1\\ehu_design_patterns\\src\\exceptions\\CustomExceptions.ts": {"path":"D:\\EHU\\Design_patterns\\Lab_1\\ehu_design_patterns\\src\\exceptions\\CustomExceptions.ts","statementMap":{"0":{"start":{"line":4,"column":4},"end":{"line":4,"column":19}},"1":{"start":{"line":5,"column":4},"end":{"line":5,"column":39}},"2":{"start":{"line":2,"column":0},"end":{"line":2,"column":13}},"3":{"start":{"line":11,"column":4},"end":{"line":11,"column":19}},"4":{"start":{"line":12,"column":4},"end":{"line":12,"column":34}},"5":{"start":{"line":9,"column":0},"end":{"line":9,"column":13}}},"fnMap":{"0":{"name":"(anonymous_0)","decl":{"start":{"line":3,"column":2},"end":{"line":3,"column":14}},"loc":{"start":{"line":3,"column":29},"end":{"line":6,"column":3}}},"1":{"name":"(anonymous_1)","decl":{"start":{"line":10,"column":2},"end":{"line":10,"column":14}},"loc":{"start":{"line":10,"column":29},"end":{"line":13,"column":3}}}},"branchMap":{},"s":{"0":7,"1":7,"2":6,"3":11,"4":11,"5":6},"f":{"0":7,"1":11},"b":{}}
,"D:\\EHU\\Design_patterns\\Lab_1\\ehu_design_patterns\\src\\factories\\CubeFactory.ts": {"path":"D:\\EHU\\Design_patterns\\Lab_1\\ehu_design_patterns\\src\\factories\\CubeFactory.ts","statementMap":{"0":{"start":{"line":1,"column":0},"end":{"line":1,"column":40}},"1":{"start":{"line":2,"column":0},"end":{"line":2,"column":46}},"2":{"start":{"line":3,"column":0},"end":{"line":3,"column":60}},"3":{"start":{"line":4,"column":0},"end":{"line":4,"column":46}},"4":{"start":{"line":8,"column":22},"end":{"line":8,"column":28}},"5":{"start":{"line":9,"column":4},"end":{"line":9,"column":32}},"6":{"start":{"line":13,"column":4},"end":{"line":13,"column":47}},"7":{"start":{"line":14,"column":4},"end":{"line":14,"column":44}},"8":{"start":{"line":6,"column":0},"end":{"line":6,"column":13}}},"fnMap":{"0":{"name":"(anonymous_0)","decl":{"start":{"line":7,"column":2},"end":{"line":7,"column":13}},"loc":{"start":{"line":7,"column":30},"end":{"line":10,"column":3}}},"1":{"name":"(anonymous_1)","decl":{"start":{"line":12,"column":2},"end":{"line":12,"column":13}},"loc":{"start":{"line":12,"column":63},"end":{"line":15,"column":3}}}},"branchMap":{},"s":{"0":1,"1":1,"2":1,"3":1,"4":1,"5":1,"6":2,"7":1,"8":1},"f":{"0":1,"1":2},"b":{}}
,"D:\\EHU\\Design_patterns\\Lab_1\\ehu_design_patterns\\src\\factories\\QuadrilateralFactory.ts": {"path":"D:\\EHU\\Design_patterns\\Lab_1\\ehu_design_patterns\\src\\factories\\QuadrilateralFactory.ts","statementMap":{"0":{"start":{"line":1,"column":0},"end":{"line":1,"column":46}},"1":{"start":{"line":2,"column":0},"end":{"line":2,"column":58}},"2":{"start":{"line":3,"column":0},"end":{"line":3,"column":78}},"3":{"start":{"line":4,"column":0},"end":{"line":4,"column":46}},"4":{"start":{"line":8,"column":19},"end":{"line":8,"column":25}},"5":{"start":{"line":9,"column":4},"end":{"line":9,"column":29}},"6":{"start":{"line":13,"column":4},"end":{"line":13,"column":44}},"7":{"start":{"line":14,"column":4},"end":{"line":14,"column":41}},"8":{"start":{"line":6,"column":0},"end":{"line":6,"column":13}}},"fnMap":{"0":{"name":"(anonymous_0)","decl":{"start":{"line":7,"column":2},"end":{"line":7,"column":13}},"loc":{"start":{"line":7,"column":30},"end":{"line":10,"column":3}}},"1":{"name":"(anonymous_1)","decl":{"start":{"line":12,"column":2},"end":{"line":12,"column":13}},"loc":{"start":{"line":12,"column":43},"end":{"line":15,"column":3}}}},"branchMap":{},"s":{"0":1,"1":1,"2":1,"3":1,"4":1,"5":1,"6":2,"7":1,"8":1},"f":{"0":1,"1":2},"b":{}}
,"D:\\EHU\\Design_patterns\\Lab_1\\ehu_design_patterns\\src\\factories\\ShapeFactory.ts": {"path":"D:\\EHU\\Design_patterns\\Lab_1\\ehu_design_patterns\\src\\factories\\ShapeFactory.ts","statementMap":{"0":{"start":{"line":4,"column":0},"end":{"line":4,"column":22}}},"fnMap":{},"branchMap":{},"s":{"0":2},"f":{},"b":{}}
,"D:\\EHU\\Design_patterns\\Lab_1\\ehu_design_patterns\\src\\validators\\CubeValidator.ts": {"path":"D:\\EHU\\Design_patterns\\Lab_1\\ehu_design_patterns\\src\\validators\\CubeValidator.ts","statementMap":{"0":{"start":{"line":1,"column":0},"end":{"line":1,"column":40}},"1":{"start":{"line":4,"column":0},"end":{"line":4,"column":70}},"2":{"start":{"line":8,"column":4},"end":{"line":10,"column":5}},"3":{"start":{"line":9,"column":6},"end":{"line":9,"column":83}},"4":{"start":{"line":11,"column":4},"end":{"line":13,"column":5}},"5":{"start":{"line":12,"column":6},"end":{"line":12,"column":74}},"6":{"start":{"line":17,"column":4},"end":{"line":17,"column":33}},"7":{"start":{"line":6,"column":0},"end":{"line":6,"column":13}}},"fnMap":{"0":{"name":"(anonymous_0)","decl":{"start":{"line":7,"column":2},"end":{"line":7,"column":8}},"loc":{"start":{"line":7,"column":55},"end":{"line":14,"column":3}}},"1":{"name":"(anonymous_1)","decl":{"start":{"line":16,"column":2},"end":{"line":16,"column":8}},"loc":{"start":{"line":16,"column":30},"end":{"line":18,"column":3}}}},"branchMap":{"0":{"loc":{"start":{"line":8,"column":4},"end":{"line":10,"column":5}},"type":"if","locations":[{"start":{"line":8,"column":4},"end":{"line":10,"column":5}}]},"1":{"loc":{"start":{"line":11,"column":4},"end":{"line":13,"column":5}},"type":"if","locations":[{"start":{"line":11,"column":4},"end":{"line":13,"column":5}}]}},"s":{"0":2,"1":2,"2":7,"3":3,"4":4,"5":2,"6":2,"7":2},"f":{"0":7,"1":2},"b":{"0":[3],"1":[2]}}
,"D:\\EHU\\Design_patterns\\Lab_1\\ehu_design_patterns\\src\\validators\\PointValidator.ts": {"path":"D:\\EHU\\Design_patterns\\Lab_1\\ehu_design_patterns\\src\\validators\\PointValidator.ts","statementMap":{"0":{"start":{"line":1,"column":0},"end":{"line":1,"column":65}},"1":{"start":{"line":5,"column":4},"end":{"line":7,"column":5}},"2":{"start":{"line":6,"column":6},"end":{"line":6,"column":87}},"3":{"start":{"line":8,"column":4},"end":{"line":12,"column":7}},"4":{"start":{"line":9,"column":16},"end":{"line":9,"column":29}},"5":{"start":{"line":10,"column":6},"end":{"line":10,"column":77}},"6":{"start":{"line":10,"column":27},"end":{"line":10,"column":77}},"7":{"start":{"line":11,"column":6},"end":{"line":11,"column":15}},"8":{"start":{"line":3,"column":0},"end":{"line":3,"column":13}}},"fnMap":{"0":{"name":"(anonymous_0)","decl":{"start":{"line":4,"column":2},"end":{"line":4,"column":8}},"loc":{"start":{"line":4,"column":52},"end":{"line":13,"column":3}}},"1":{"name":"(anonymous_1)","decl":{"start":{"line":8,"column":38},"end":{"line":8,"column":39}},"loc":{"start":{"line":8,"column":44},"end":{"line":12,"column":5}}}},"branchMap":{"0":{"loc":{"start":{"line":5,"column":4},"end":{"line":7,"column":5}},"type":"if","locations":[{"start":{"line":5,"column":4},"end":{"line":7,"column":5}}]},"1":{"loc":{"start":{"line":10,"column":6},"end":{"line":10,"column":77}},"type":"if","locations":[{"start":{"line":10,"column":6},"end":{"line":10,"column":77}}]}},"s":{"0":1,"1":6,"2":2,"3":4,"4":10,"5":10,"6":2,"7":8,"8":1},"f":{"0":6,"1":10},"b":{"0":[2],"1":[2]}}
,"D:\\EHU\\Design_patterns\\Lab_1\\ehu_design_patterns\\src\\validators\\QuadrilateralValidator.ts": {"path":"D:\\EHU\\Design_patterns\\Lab_1\\ehu_design_patterns\\src\\validators\\QuadrilateralValidator.ts","statementMap":{"0":{"start":{"line":2,"column":0},"end":{"line":2,"column":65}},"1":{"start":{"line":6,"column":4},"end":{"line":6,"column":102}},"2":{"start":{"line":6,"column":29},"end":{"line":6,"column":102}},"3":{"start":{"line":7,"column":4},"end":{"line":7,"column":35}},"4":{"start":{"line":8,"column":4},"end":{"line":8,"column":38}},"5":{"start":{"line":12,"column":17},"end":{"line":12,"column":110}},"6":{"start":{"line":12,"column":57},"end":{"line":12,"column":110}},"7":{"start":{"line":13,"column":4},"end":{"line":17,"column":5}},"8":{"start":{"line":13,"column":17},"end":{"line":13,"column":18}},"9":{"start":{"line":14,"column":6},"end":{"line":16,"column":7}},"10":{"start":{"line":15,"column":8},"end":{"line":15,"column":86}},"11":{"start":{"line":21,"column":25},"end":{"line":21,"column":68}},"12":{"start":{"line":21,"column":51},"end":{"line":21,"column":66}},"13":{"start":{"line":22,"column":4},"end":{"line":24,"column":5}},"14":{"start":{"line":23,"column":6},"end":{"line":23,"column":63}},"15":{"start":{"line":4,"column":0},"end":{"line":4,"column":13}}},"fnMap":{"0":{"name":"(anonymous_0)","decl":{"start":{"line":5,"column":2},"end":{"line":5,"column":8}},"loc":{"start":{"line":5,"column":35},"end":{"line":9,"column":3}}},"1":{"name":"(anonymous_1)","decl":{"start":{"line":11,"column":10},"end":{"line":11,"column":16}},"loc":{"start":{"line":11,"column":55},"end":{"line":18,"column":3}}},"2":{"name":"(anonymous_2)","decl":{"start":{"line":12,"column":17},"end":{"line":12,"column":18}},"loc":{"start":{"line":12,"column":57},"end":{"line":12,"column":110}}},"3":{"name":"(anonymous_3)","decl":{"start":{"line":20,"column":10},"end":{"line":20,"column":16}},"loc":{"start":{"line":20,"column":52},"end":{"line":25,"column":3}}},"4":{"name":"(anonymous_4)","decl":{"start":{"line":21,"column":44},"end":{"line":21,"column":45}},"loc":{"start":{"line":21,"column":51},"end":{"line":21,"column":66}}}},"branchMap":{"0":{"loc":{"start":{"line":6,"column":4},"end":{"line":6,"column":102}},"type":"if","locations":[{"start":{"line":6,"column":4},"end":{"line":6,"column":102}}]},"1":{"loc":{"start":{"line":14,"column":6},"end":{"line":16,"column":7}},"type":"if","locations":[{"start":{"line":14,"column":6},"end":{"line":16,"column":7}}]},"2":{"loc":{"start":{"line":22,"column":4},"end":{"line":24,"column":5}},"type":"if","locations":[{"start":{"line":22,"column":4},"end":{"line":24,"column":5}}]}},"s":{"0":2,"1":9,"2":3,"3":6,"4":4,"5":4,"6":10,"7":4,"8":4,"9":10,"10":2,"11":6,"12":24,"13":6,"14":2,"15":2},"f":{"0":9,"1":4,"2":10,"3":6,"4":24},"b":{"0":[3],"1":[2],"2":[2]}}
}
