TN:
SF:src\entities\Cube.ts
FN:7,(anonymous_0)
FN:15,(anonymous_1)
FN:19,(anonymous_2)
FN:23,(anonymous_3)
FN:50,(anonymous_4)
FNF:5
FNH:5
FNDA:13,(anonymous_0)
FNDA:1,(anonymous_1)
FNDA:1,(anonymous_2)
FNDA:8,(anonymous_3)
FNDA:2,(anonymous_4)
DA:3,3
DA:4,3
DA:6,3
DA:8,13
DA:9,13
DA:10,13
DA:12,13
DA:16,1
DA:20,1
DA:25,8
DA:27,4
DA:28,4
DA:30,1
DA:31,1
DA:33,1
DA:34,1
DA:36,2
DA:39,6
DA:40,6
DA:41,3
DA:44,3
DA:45,3
DA:46,3
DA:47,3
DA:51,2
LF:25
LH:25
BRDA:25,0,0,4
BRDA:25,0,1,1
BRDA:25,0,2,1
BRDA:25,0,3,2
BRDA:40,1,0,3
BRDA:40,2,0,6
BRDA:40,2,1,5
BRDA:51,3,0,2
BRDA:51,3,1,1
BRDA:51,3,2,1
BRF:10
BRH:10
end_of_record
TN:
SF:src\entities\Point.ts
FN:2,(anonymous_0)
FNF:1
FNH:1
FNDA:88,(anonymous_0)
DA:1,8
DA:3,88
DA:4,88
LF:3
LH:3
BRF:0
BRH:0
end_of_record
TN:
SF:src\entities\Point2D.ts
FNF:0
FNH:0
DA:1,4
DA:3,4
LF:2
LH:2
BRF:0
BRH:0
end_of_record
TN:
SF:src\entities\Point3D.ts
FN:4,(anonymous_0)
FNF:1
FNH:1
FNDA:19,(anonymous_0)
DA:1,4
DA:3,4
DA:5,19
DA:6,19
DA:7,19
DA:9,19
LF:6
LH:6
BRF:0
BRH:0
end_of_record
TN:
SF:src\entities\Quadrilateral.ts
FN:5,(anonymous_0)
FN:12,(anonymous_1)
FN:22,(anonymous_2)
FN:23,(anonymous_3)
FN:31,(anonymous_4)
FN:32,(anonymous_5)
FN:33,(anonymous_6)
FN:39,(anonymous_7)
FN:39,(anonymous_8)
FN:42,(anonymous_9)
FN:43,(anonymous_10)
FN:47,(anonymous_11)
FN:50,(anonymous_12)
FN:51,(anonymous_13)
FN:55,(anonymous_14)
FN:58,(anonymous_15)
FN:59,(anonymous_16)
FN:67,(anonymous_17)
FN:74,(anonymous_18)
FNF:19
FNH:19
FNDA:15,(anonymous_0)
FNDA:1,(anonymous_1)
FNDA:1,(anonymous_2)
FNDA:4,(anonymous_3)
FNDA:2,(anonymous_4)
FNDA:8,(anonymous_5)
FNDA:8,(anonymous_6)
FNDA:6,(anonymous_7)
FNDA:1,(anonymous_8)
FNDA:2,(anonymous_9)
FNDA:8,(anonymous_10)
FNDA:6,(anonymous_11)
FNDA:2,(anonymous_12)
FNDA:8,(anonymous_13)
FNDA:6,(anonymous_14)
FNDA:7,(anonymous_15)
FNDA:28,(anonymous_16)
FNDA:28,(anonymous_17)
FNDA:14,(anonymous_18)
DA:2,2
DA:4,2
DA:6,15
DA:7,15
DA:9,15
DA:13,1
DA:14,1
DA:15,1
DA:16,4
DA:17,4
DA:19,1
DA:23,4
DA:24,1
DA:25,1
DA:26,4
DA:28,1
DA:32,8
DA:33,2
DA:34,8
DA:35,8
DA:36,8
DA:37,8
DA:39,6
DA:43,2
DA:44,8
DA:45,8
DA:47,6
DA:51,2
DA:52,8
DA:53,8
DA:55,6
DA:59,28
DA:61,7
DA:62,7
DA:64,7
DA:68,28
DA:69,28
DA:70,28
DA:71,23
DA:75,14
DA:76,12
DA:77,11
LF:42
LH:42
BRDA:39,0,0,2
BRDA:39,0,1,1
BRDA:47,1,0,2
BRDA:47,1,1,1
BRDA:64,2,0,7
BRDA:64,2,1,4
BRDA:64,2,2,5
BRDA:64,2,3,3
BRDA:70,3,0,5
BRDA:75,4,0,2
BRDA:75,5,0,14
BRDA:75,5,1,2
BRDA:76,6,0,1
BRDA:76,7,0,12
BRDA:76,7,1,12
BRF:15
BRH:15
end_of_record
TN:
SF:src\entities\Shape.ts
FN:2,(anonymous_0)
FNF:1
FNH:1
FNDA:28,(anonymous_0)
DA:1,5
DA:2,28
LF:2
LH:2
BRF:0
BRH:0
end_of_record
TN:
SF:src\entities\Shape2D.ts
FN:5,(anonymous_0)
FNF:1
FNH:1
FNDA:15,(anonymous_0)
DA:2,2
DA:4,2
DA:6,15
DA:7,15
DA:9,15
LF:5
LH:5
BRF:0
BRH:0
end_of_record
TN:
SF:src\entities\Shape3D.ts
FN:5,(anonymous_0)
FNF:1
FNH:1
FNDA:13,(anonymous_0)
DA:2,3
DA:4,3
DA:6,13
DA:7,13
DA:9,13
LF:5
LH:5
BRF:0
BRH:0
end_of_record
TN:
SF:src\exceptions\CustomExceptions.ts
FN:3,(anonymous_0)
FN:10,(anonymous_1)
FNF:2
FNH:2
FNDA:7,(anonymous_0)
FNDA:11,(anonymous_1)
DA:2,6
DA:4,7
DA:5,7
DA:9,6
DA:11,11
DA:12,11
LF:6
LH:6
BRF:0
BRH:0
end_of_record
TN:
SF:src\factories\CubeFactory.ts
FN:7,(anonymous_0)
FN:12,(anonymous_1)
FNF:2
FNH:2
FNDA:1,(anonymous_0)
FNDA:2,(anonymous_1)
DA:1,1
DA:2,1
DA:3,1
DA:4,1
DA:6,1
DA:8,1
DA:9,1
DA:13,2
DA:14,1
LF:9
LH:9
BRF:0
BRH:0
end_of_record
TN:
SF:src\factories\QuadrilateralFactory.ts
FN:7,(anonymous_0)
FN:12,(anonymous_1)
FNF:2
FNH:2
FNDA:1,(anonymous_0)
FNDA:2,(anonymous_1)
DA:1,1
DA:2,1
DA:3,1
DA:4,1
DA:6,1
DA:8,1
DA:9,1
DA:13,2
DA:14,1
LF:9
LH:9
BRF:0
BRH:0
end_of_record
TN:
SF:src\factories\ShapeFactory.ts
FNF:0
FNH:0
DA:4,2
LF:1
LH:1
BRF:0
BRH:0
end_of_record
TN:
SF:src\validators\CubeValidator.ts
FN:7,(anonymous_0)
FN:16,(anonymous_1)
FNF:2
FNH:2
FNDA:7,(anonymous_0)
FNDA:2,(anonymous_1)
DA:1,2
DA:4,2
DA:6,2
DA:8,7
DA:9,3
DA:11,4
DA:12,2
DA:17,2
LF:8
LH:8
BRDA:8,0,0,3
BRDA:11,1,0,2
BRF:2
BRH:2
end_of_record
TN:
SF:src\validators\PointValidator.ts
FN:4,(anonymous_0)
FN:8,(anonymous_1)
FNF:2
FNH:2
FNDA:6,(anonymous_0)
FNDA:10,(anonymous_1)
DA:1,1
DA:3,1
DA:5,6
DA:6,2
DA:8,4
DA:9,10
DA:10,10
DA:11,8
LF:8
LH:8
BRDA:5,0,0,2
BRDA:10,1,0,2
BRF:2
BRH:2
end_of_record
TN:
SF:src\validators\QuadrilateralValidator.ts
FN:5,(anonymous_0)
FN:11,(anonymous_1)
FN:12,(anonymous_2)
FN:20,(anonymous_3)
FN:21,(anonymous_4)
FNF:5
FNH:5
FNDA:9,(anonymous_0)
FNDA:4,(anonymous_1)
FNDA:10,(anonymous_2)
FNDA:6,(anonymous_3)
FNDA:24,(anonymous_4)
DA:2,2
DA:4,2
DA:6,9
DA:7,6
DA:8,4
DA:12,10
DA:13,4
DA:14,10
DA:15,2
DA:21,24
DA:22,6
DA:23,2
LF:12
LH:12
BRDA:6,0,0,3
BRDA:14,1,0,2
BRDA:22,2,0,2
BRF:3
BRH:3
end_of_record
